Starting Dynare (version 4.5.1).
Starting preprocessing of the model file ...
WARNING: dmp.mod:1.5-15: Symbol h declared twice.
WARNING: dmp.mod:1.5-27: Symbol z declared twice.
Found 10 equation(s).
Evaluating expressions...done
Computing static model derivatives:
 - order 1
Computing dynamic model derivatives:
 - order 1
 - order 2
Processing outputs ...
done
Preprocessing completed.
.5.1).
Starting preprocessing of the model file ...
WARNING: dmp.mod:1.5-15: Symbol h declared twice.
WARNING: dmp.mod:1.5-27: Symbol z declared twice.
Found 10 equation(s).
Evaluating expressions...done
Computing static model derivatives:
 - order 1
Computing dynamic model derivatives:
 - order 1
 - order 2
Processing outputs ...
done
Preprocessing completed.





Residuals of the static equations:

Equation number 1 : NaN
Equation number 2 : NaN
Equation number 3 : NaN
Equation number 4 : NaN
Equation number 5 : NaN
Equation number 6 : NaN
Equation number 7 : NaN
Equation number 8 : NaN
Equation number 9 : NaN
Equation number 10 : NaN


{Error using <a href="matlab:matlab.internal.language.introspective.errorDocCallback('print_info', 'C:\Program Files\dynare\dynare4.5.1\matlab\print_info.m', 90)" style="font-weight:bold">print_info</a> (<a href="matlab: opentoline('C:\Program Files\dynare\dynare4.5.1\matlab\print_info.m',90,0)">line 90</a>)
The steady state contains NaN or Inf

Error in <a href="matlab:matlab.internal.language.introspective.errorDocCallback('steady', 'C:\Program Files\dynare\dynare4.5.1\matlab\steady.m', 104)" style="font-weight:bold">steady</a> (<a href="matlab: opentoline('C:\Program Files\dynare\dynare4.5.1\matlab\steady.m',104,0)">line 104</a>)
    print_info(info,options_.noprint, options_);

Error in <a href="matlab:matlab.internal.language.introspective.errorDocCallback('dmp', 'C:\Users\eriob421\Dropbox\teaching\uu macro ii\lectures\lecture 2\code\dmp.m', 164)" style="font-weight:bold">dmp</a> (<a href="matlab: opentoline('C:\Users\eriob421\Dropbox\teaching\uu macro ii\lectures\lecture 2\code\dmp.m',164,0)">line 164</a>)
steady;

Error in <a href="matlab:matlab.internal.language.introspective.errorDocCallback('dynare', 'C:\Program Files\dynare\dynare4.5.1\matlab\dynare.m', 223)" style="font-weight:bold">dynare</a> (<a href="matlab: opentoline('C:\Program Files\dynare\dynare4.5.1\matlab\dynare.m',223,0)">line 223</a>)
evalin('base',fname) ;

Error in <a href="matlab:matlab.internal.language.introspective.errorDocCallback('dmp_master', 'C:\Users\eriob421\Dropbox\teaching\uu macro ii\lectures\lecture 2\code\dmp_master.m', 14)" style="font-weight:bold">dmp_master</a> (<a href="matlab: opentoline('C:\Users\eriob421\Dropbox\teaching\uu macro ii\lectures\lecture 2\code\dmp_master.m',14,0)">line 14</a>)
dynare dmp.mod;
} 
