Starting Dynare (version 4.5.1).
Starting preprocessing of the model file ...
Found 4 equation(s).
Evaluating expressions...done
Computing static model derivatives:
 - order 1
Computing dynamic model derivatives:
 - order 1
 - order 2
Processing outputs ...
done
Preprocessing completed.

STEADY-STATE RESULTS:

x    		 0
pi   		 0
ihat 		 0
u    		 0

MODEL SUMMARY

  Number of variables:         4
  Number of stochastic shocks: 1
  Number of state variables:   1
  Number of jumpers:           2
  Number of static variables:  1


MATRIX OF COVARIANCE OF EXOGENOUS SHOCKS
Variables           e
e            1.000000

POLICY AND TRANSITION FUNCTIONS
                                   x              pi            ihat               u
u(-1)                      -2.512797        0.418799        0.628199        0.900000
e                          -2.791996        0.465333        0.697999        1.000000


THEORETICAL MOMENTS
VARIABLE         MEAN  STD. DEV.   VARIANCE
x              0.0000     6.4053    41.0276
pi             0.0000     1.0675     1.1397
ihat           0.0000     1.6013     2.5642
u              0.0000     2.2942     5.2632



MATRIX OF CORRELATIONS
Variables         x      pi    ihat       u
x            1.0000 -1.0000 -1.0000 -1.0000
pi          -1.0000  1.0000  1.0000  1.0000
ihat        -1.0000  1.0000  1.0000  1.0000
u           -1.0000  1.0000  1.0000  1.0000



COEFFICIENTS OF AUTOCORRELATION
Order         1       2       3       4       5
x        0.9000  0.8100  0.7290  0.6561  0.5905
pi       0.9000  0.8100  0.7290  0.6561  0.5905
ihat     0.9000  0.8100  0.7290  0.6561  0.5905
u        0.9000  0.8100  0.7290  0.6561  0.5905
Total computing time : 0h00m01s
